<?xml version="1.0" encoding="UTF-8"?>
<testsuite xmlns:xsi="http://www.w3.org/2001/XMLSchema-instance" xsi:noNamespaceSchemaLocation="https://maven.apache.org/surefire/maven-surefire-plugin/xsd/surefire-test-report-3.0.xsd" version="3.0" name="org.example.testRunner.runners" time="210.461" tests="19" errors="0" skipped="0" failures="3">
  <properties>
[...]
</properties>
  <testcase name="runScenario" classname="org.example.testRunner.runners" time="8.782"/>
  <testcase name="runScenario" classname="org.example.testRunner.runners" time="7.002"/>
  <testcase name="runScenario" classname="org.example.testRunner.runners" time="7.79"/>
  <testcase name="runScenario" classname="org.example.testRunner.runners" time="6.57"/>
  <testcase name="runScenario" classname="org.example.testRunner.runners" time="6.735"/>
  <testcase name="runScenario" classname="org.example.testRunner.runners" time="6.837"/>
  <testcase name="runScenario" classname="org.example.testRunner.runners" time="6.3"/>
  <testcase name="runScenario" classname="org.example.testRunner.runners" time="11.02"/>
  <testcase name="runScenario" classname="org.example.testRunner.runners" time="10.587"/>
  <testcase name="runScenario" classname="org.example.testRunner.runners" time="10.441"/>
  <testcase name="runScenario" classname="org.example.testRunner.runners" time="6.444"/>
  <testcase name="runScenario" classname="org.example.testRunner.runners" time="5.618">
    <failure message="The following asserts failed:&#10;	Assertion of Nokia URL expected [https://demo.nopcommerce.com/nokia-lumia-1020] but found [https://demo.nopcommerce.com/]" type="java.lang.AssertionError"><![CDATA[java.lang.AssertionError: 
The following asserts failed:
	Assertion of Nokia URL expected [https://demo.nopcommerce.com/nokia-lumia-1020] but found [https://demo.nopcommerce.com/]
]]></failure>
    <system-out><![CDATA[
@smoke
Scenario: First slider Nokia click   &amp#27;[90m# src/main/resources/features/F06_homeSliders.feature:3&amp#27;[0m
  &amp#27;[32mGiven &amp#27;[0m&amp#27;[32mclick on first slide nokia&amp#27;[0m   &amp#27;[90m# org.example.stepDefs.D06_homeSlidersStepDef.firstSlide()&amp#27;[0m
  &amp#27;[31mThen &amp#27;[0m&amp#27;[31mshould navigate to nokia Page&amp#27;[0m &amp#27;[90m# org.example.stepDefs.D06_homeSlidersStepDef.shouldNavigateToNokiaPage()&amp#27;[0m
      &amp#27;[31mjava.lang.AssertionError: The following asserts failed:
	Assertion of Nokia URL expected [https://demo.nopcommerce.com/nokia-lumia-1020] but found [https://demo.nopcommerce.com/]
	at org.testng.asserts.SoftAssert.assertAll(SoftAssert.java:46)
	at org.testng.asserts.SoftAssert.assertAll(SoftAssert.java:30)
	at org.example.stepDefs.D06_homeSlidersStepDef.shouldNavigateToNokiaPage(D06_homeSlidersStepDef.java:27)
	at ✽.should navigate to nokia Page(file:///C:/Users/Kimo%20Store/IdeaProjects/EcommerceAutomationProject/src/main/resources/features/F06_homeSliders.feature:5)
&amp#27;[0m
]]></system-out>
    <system-err><![CDATA[Starting ChromeDriver 108.0.5359.71 (1e0e3868ee06e91ad636a874420e3ca3ae3756ac-refs/branch-heads/5359@{#1016}) on port 38804
Only local connections are allowed.
Please see https://chromedriver.chromium.org/security-considerations for suggestions on keeping ChromeDriver safe.
ChromeDriver was started successfully.
]]></system-err>
  </testcase>
  <testcase name="runScenario" classname="org.example.testRunner.runners" time="5.541">
    <failure message="The following asserts failed:&#10;	Assertion of Iphone URL expected [https://demo.nopcommerce.com/iphone-6] but found [https://demo.nopcommerce.com/]" type="java.lang.AssertionError"><![CDATA[java.lang.AssertionError: 
The following asserts failed:
	Assertion of Iphone URL expected [https://demo.nopcommerce.com/iphone-6] but found [https://demo.nopcommerce.com/]
]]></failure>
    <system-out><![CDATA[
@smoke
Scenario: Second slider Iphone click  &amp#27;[90m# src/main/resources/features/F06_homeSliders.feature:8&amp#27;[0m
  &amp#27;[32mGiven &amp#27;[0m&amp#27;[32mclick on second slide Iphone&amp#27;[0m  &amp#27;[90m# org.example.stepDefs.D06_homeSlidersStepDef.clickOnSecondSlideIphone()&amp#27;[0m
  &amp#27;[31mThen &amp#27;[0m&amp#27;[31mshould navigate to Iphone Page&amp#27;[0m &amp#27;[90m# org.example.stepDefs.D06_homeSlidersStepDef.shouldNavigateToIphonePage()&amp#27;[0m
      &amp#27;[31mjava.lang.AssertionError: The following asserts failed:
	Assertion of Iphone URL expected [https://demo.nopcommerce.com/iphone-6] but found [https://demo.nopcommerce.com/]
	at org.testng.asserts.SoftAssert.assertAll(SoftAssert.java:46)
	at org.testng.asserts.SoftAssert.assertAll(SoftAssert.java:30)
	at org.example.stepDefs.D06_homeSlidersStepDef.shouldNavigateToIphonePage(D06_homeSlidersStepDef.java:43)
	at ✽.should navigate to Iphone Page(file:///C:/Users/Kimo%20Store/IdeaProjects/EcommerceAutomationProject/src/main/resources/features/F06_homeSliders.feature:10)
&amp#27;[0m
]]></system-out>
    <system-err><![CDATA[Starting ChromeDriver 108.0.5359.71 (1e0e3868ee06e91ad636a874420e3ca3ae3756ac-refs/branch-heads/5359@{#1016}) on port 31759
Only local connections are allowed.
Please see https://chromedriver.chromium.org/security-considerations for suggestions on keeping ChromeDriver safe.
ChromeDriver was started successfully.
]]></system-err>
  </testcase>
  <testcase name="runScenario" classname="org.example.testRunner.runners" time="18.341"/>
  <testcase name="runScenario" classname="org.example.testRunner.runners" time="15.963"/>
  <testcase name="runScenario" classname="org.example.testRunner.runners" time="26.207">
    <failure message="Expected condition failed: waiting for number of open windows to be 2 (tried for 20 second(s) with 500 milliseconds interval)&#10;Build info: version: &apos;4.7.2&apos;, revision: &apos;4d4020c3b7&apos;&#10;System info: os.name: &apos;Windows 10&apos;, os.arch: &apos;amd64&apos;, os.version: &apos;10.0&apos;, java.version: &apos;19.0.1&apos;&#10;Driver info: org.openqa.selenium.chrome.ChromeDriver&#10;Capabilities {acceptInsecureCerts: false, browserName: chrome, browserVersion: 108.0.5359.126, chrome: {chromedriverVersion: 108.0.5359.71 (1e0e3868ee06..., userDataDir: C:\Users\KIMOST~1\AppData\L...}, goog:chromeOptions: {debuggerAddress: localhost:58371}, networkConnectionEnabled: false, pageLoadStrategy: normal, platformName: WINDOWS, proxy: Proxy(), se:cdp: ws://localhost:58371/devtoo..., se:cdpVersion: 108.0.5359.126, setWindowRect: true, strictFileInteractability: false, timeouts: {implicit: 0, pageLoad: 300000, script: 30000}, unhandledPromptBehavior: dismiss and notify, webauthn:extension:credBlob: true, webauthn:extension:largeBlob: true, webauthn:virtualAuthenticators: true}&#10;Session ID: aaa86e8bad6d1f0181a5aeeeda890ca1" type="org.openqa.selenium.TimeoutException"><![CDATA[org.openqa.selenium.TimeoutException: 
Expected condition failed: waiting for number of open windows to be 2 (tried for 20 second(s) with 500 milliseconds interval)
Build info: version: '4.7.2', revision: '4d4020c3b7'
System info: os.name: 'Windows 10', os.arch: 'amd64', os.version: '10.0', java.version: '19.0.1'
Driver info: org.openqa.selenium.chrome.ChromeDriver
Capabilities {acceptInsecureCerts: false, browserName: chrome, browserVersion: 108.0.5359.126, chrome: {chromedriverVersion: 108.0.5359.71 (1e0e3868ee06..., userDataDir: C:\Users\KIMOST~1\AppData\L...}, goog:chromeOptions: {debuggerAddress: localhost:58371}, networkConnectionEnabled: false, pageLoadStrategy: normal, platformName: WINDOWS, proxy: Proxy(), se:cdp: ws://localhost:58371/devtoo..., se:cdpVersion: 108.0.5359.126, setWindowRect: true, strictFileInteractability: false, timeouts: {implicit: 0, pageLoad: 300000, script: 30000}, unhandledPromptBehavior: dismiss and notify, webauthn:extension:credBlob: true, webauthn:extension:largeBlob: true, webauthn:virtualAuthenticators: true}
Session ID: aaa86e8bad6d1f0181a5aeeeda890ca1
]]></failure>
    <system-out><![CDATA[
@smoke
Scenario: users click on rss link                                                   &amp#27;[90m# src/main/resources/features/F07_followUs.feature:17&amp#27;[0m
  &amp#27;[32mGiven &amp#27;[0m&amp#27;[32muser click on &amp#27;[0m&amp#27;[32m&amp#27;[1m"rss"&amp#27;[0m&amp#27;[32m link&amp#27;[0m                                                    &amp#27;[90m# org.example.stepDefs.D07_followUsStepDef.userClicksLink(java.lang.String)&amp#27;[0m
  &amp#27;[31mWhen &amp#27;[0m&amp#27;[31muser opens new tab&amp#27;[0m                                                           &amp#27;[90m# org.example.stepDefs.D07_followUsStepDef.userOpensNewTab()&amp#27;[0m
      &amp#27;[31morg.openqa.selenium.TimeoutException: Expected condition failed: waiting for number of open windows to be 2 (tried for 20 second(s) with 500 milliseconds interval)
Build info: version: '4.7.2', revision: '4d4020c3b7'
System info: os.name: 'Windows 10', os.arch: 'amd64', os.version: '10.0', java.version: '19.0.1'
Driver info: org.openqa.selenium.chrome.ChromeDriver
Capabilities {acceptInsecureCerts: false, browserName: chrome, browserVersion: 108.0.5359.126, chrome: {chromedriverVersion: 108.0.5359.71 (1e0e3868ee06..., userDataDir: C:\Users\KIMOST~1\AppData\L...}, goog:chromeOptions: {debuggerAddress: localhost:58371}, networkConnectionEnabled: false, pageLoadStrategy: normal, platformName: WINDOWS, proxy: Proxy(), se:cdp: ws://localhost:58371/devtoo..., se:cdpVersion: 108.0.5359.126, setWindowRect: true, strictFileInteractability: false, timeouts: {implicit: 0, pageLoad: 300000, script: 30000}, unhandledPromptBehavior: dismiss and notify, webauthn:extension:credBlob: true, webauthn:extension:largeBlob: true, webauthn:virtualAuthenticators: true}
Session ID: aaa86e8bad6d1f0181a5aeeeda890ca1
	at org.openqa.selenium.support.ui.WebDriverWait.timeoutException(WebDriverWait.java:87)
	at org.openqa.selenium.support.ui.FluentWait.until(FluentWait.java:231)
	at org.example.stepDefs.D07_followUsStepDef.userOpensNewTab(D07_followUsStepDef.java:45)
	at ✽.user opens new tab(file:///C:/Users/Kimo%20Store/IdeaProjects/EcommerceAutomationProject/src/main/resources/features/F07_followUs.feature:19)
&amp#27;[0m
  &amp#27;[36mAnd &amp#27;[0m&amp#27;[36muser can switch between tabs&amp#27;[0m                                                  &amp#27;[90m# org.example.stepDefs.D07_followUsStepDef.userCanSwitchBetweenTabs()&amp#27;[0m
  &amp#27;[36mThen &amp#27;[0m&amp#27;[36m&amp#27;[0m&amp#27;[36m&amp#27;[1m"https://demo.nopcommerce.com/new-online-store-is-open"&amp#27;[0m&amp#27;[36m is opened in new tab&amp#27;[0m &amp#27;[90m# org.example.stepDefs.D07_followUsStepDef.isOpenedInNewTab(java.lang.String)&amp#27;[0m
]]></system-out>
    <system-err><![CDATA[Starting ChromeDriver 108.0.5359.71 (1e0e3868ee06e91ad636a874420e3ca3ae3756ac-refs/branch-heads/5359@{#1016}) on port 19328
Only local connections are allowed.
Please see https://chromedriver.chromium.org/security-considerations for suggestions on keeping ChromeDriver safe.
ChromeDriver was started successfully.
]]></system-err>
  </testcase>
  <testcase name="runScenario" classname="org.example.testRunner.runners" time="22.038"/>
  <testcase name="runScenario" classname="org.example.testRunner.runners" time="12.291"/>
  <testcase name="runScenario" classname="org.example.testRunner.runners" time="14.801"/>
</testsuite>